{"D:\\pupil\\wd201\\online voting app\\app.js": {"path":"D:\\pupil\\wd201\\online voting app\\app.js","statementMap":{"0":{"start":{"line":1,"column":16},"end":{"line":1,"column":34}},"1":{"start":{"line":2,"column":12},"end":{"line":2,"column":21}},"2":{"start":{"line":3,"column":11},"end":{"line":3,"column":31}},"3":{"start":{"line":4,"column":14},"end":{"line":4,"column":38}},"4":{"start":{"line":5,"column":60},"end":{"line":5,"column":79}},"5":{"start":{"line":6,"column":19},"end":{"line":6,"column":41}},"6":{"start":{"line":7,"column":0},"end":{"line":7,"column":27}},"7":{"start":{"line":8,"column":0},"end":{"line":8,"column":46}},"8":{"start":{"line":9,"column":17},"end":{"line":9,"column":41}},"9":{"start":{"line":10,"column":15},"end":{"line":10,"column":32}},"10":{"start":{"line":11,"column":17},"end":{"line":11,"column":19}},"11":{"start":{"line":12,"column":15},"end":{"line":12,"column":34}},"12":{"start":{"line":13,"column":16},"end":{"line":13,"column":42}},"13":{"start":{"line":14,"column":27},"end":{"line":14,"column":58}},"14":{"start":{"line":15,"column":0},"end":{"line":15,"column":49}},"15":{"start":{"line":16,"column":0},"end":{"line":16,"column":29}},"16":{"start":{"line":17,"column":13},"end":{"line":17,"column":28}},"17":{"start":{"line":18,"column":0},"end":{"line":18,"column":77}},"18":{"start":{"line":19,"column":22},"end":{"line":19,"column":47}},"19":{"start":{"line":20,"column":0},"end":{"line":20,"column":55}},"20":{"start":{"line":21,"column":0},"end":{"line":21,"column":48}},"21":{"start":{"line":22,"column":0},"end":{"line":22,"column":17}},"22":{"start":{"line":23,"column":0},"end":{"line":28,"column":3}},"23":{"start":{"line":31,"column":0},"end":{"line":34,"column":3}},"24":{"start":{"line":32,"column":2},"end":{"line":32,"column":45}},"25":{"start":{"line":33,"column":2},"end":{"line":33,"column":9}},"26":{"start":{"line":36,"column":0},"end":{"line":36,"column":31}},"27":{"start":{"line":37,"column":0},"end":{"line":37,"column":28}},"28":{"start":{"line":39,"column":0},"end":{"line":63,"column":2}},"29":{"start":{"line":43,"column":2},"end":{"line":61,"column":5}},"30":{"start":{"line":45,"column":4},"end":{"line":50,"column":3}},"31":{"start":{"line":46,"column":6},"end":{"line":49,"column":9}},"32":{"start":{"line":51,"column":19},"end":{"line":51,"column":64}},"33":{"start":{"line":52,"column":4},"end":{"line":57,"column":5}},"34":{"start":{"line":53,"column":6},"end":{"line":53,"column":28}},"35":{"start":{"line":54,"column":6},"end":{"line":54,"column":30}},"36":{"start":{"line":56,"column":6},"end":{"line":56,"column":64}},"37":{"start":{"line":60,"column":4},"end":{"line":60,"column":62}},"38":{"start":{"line":67,"column":0},"end":{"line":96,"column":2}},"39":{"start":{"line":72,"column":2},"end":{"line":94,"column":5}},"40":{"start":{"line":74,"column":4},"end":{"line":79,"column":3}},"41":{"start":{"line":75,"column":6},"end":{"line":78,"column":9}},"42":{"start":{"line":80,"column":20},"end":{"line":82,"column":3}},"43":{"start":{"line":84,"column":19},"end":{"line":84,"column":64}},"44":{"start":{"line":85,"column":4},"end":{"line":90,"column":5}},"45":{"start":{"line":86,"column":6},"end":{"line":86,"column":28}},"46":{"start":{"line":87,"column":6},"end":{"line":87,"column":30}},"47":{"start":{"line":89,"column":6},"end":{"line":89,"column":64}},"48":{"start":{"line":93,"column":4},"end":{"line":93,"column":62}},"49":{"start":{"line":98,"column":0},"end":{"line":101,"column":3}},"50":{"start":{"line":99,"column":2},"end":{"line":99,"column":52}},"51":{"start":{"line":100,"column":2},"end":{"line":100,"column":20}},"52":{"start":{"line":103,"column":0},"end":{"line":123,"column":3}},"53":{"start":{"line":105,"column":0},"end":{"line":122,"column":1}},"54":{"start":{"line":106,"column":2},"end":{"line":112,"column":8}},"55":{"start":{"line":108,"column":10},"end":{"line":108,"column":30}},"56":{"start":{"line":111,"column":10},"end":{"line":111,"column":27}},"57":{"start":{"line":115,"column":2},"end":{"line":121,"column":4}},"58":{"start":{"line":117,"column":4},"end":{"line":117,"column":19}},"59":{"start":{"line":120,"column":4},"end":{"line":120,"column":20}},"60":{"start":{"line":126,"column":0},"end":{"line":131,"column":3}},"61":{"start":{"line":127,"column":2},"end":{"line":127,"column":27}},"62":{"start":{"line":128,"column":4},"end":{"line":130,"column":7}},"63":{"start":{"line":134,"column":0},"end":{"line":184,"column":3}},"64":{"start":{"line":136,"column":22},"end":{"line":136,"column":73}},"65":{"start":{"line":137,"column":16},"end":{"line":137,"column":38}},"66":{"start":{"line":138,"column":16},"end":{"line":138,"column":37}},"67":{"start":{"line":139,"column":16},"end":{"line":139,"column":34}},"68":{"start":{"line":140,"column":16},"end":{"line":140,"column":37}},"69":{"start":{"line":141,"column":4},"end":{"line":144,"column":5}},"70":{"start":{"line":142,"column":6},"end":{"line":142,"column":70}},"71":{"start":{"line":143,"column":6},"end":{"line":143,"column":42}},"72":{"start":{"line":145,"column":4},"end":{"line":148,"column":5}},"73":{"start":{"line":146,"column":6},"end":{"line":146,"column":69}},"74":{"start":{"line":147,"column":6},"end":{"line":147,"column":42}},"75":{"start":{"line":149,"column":4},"end":{"line":152,"column":5}},"76":{"start":{"line":150,"column":6},"end":{"line":150,"column":68}},"77":{"start":{"line":151,"column":6},"end":{"line":151,"column":42}},"78":{"start":{"line":153,"column":4},"end":{"line":156,"column":5}},"79":{"start":{"line":154,"column":6},"end":{"line":154,"column":68}},"80":{"start":{"line":155,"column":6},"end":{"line":155,"column":42}},"81":{"start":{"line":160,"column":4},"end":{"line":160,"column":44}},"82":{"start":{"line":161,"column":2},"end":{"line":182,"column":3}},"83":{"start":{"line":162,"column":18},"end":{"line":168,"column":6}},"84":{"start":{"line":169,"column":4},"end":{"line":176,"column":6}},"85":{"start":{"line":170,"column":6},"end":{"line":174,"column":7}},"86":{"start":{"line":171,"column":8},"end":{"line":171,"column":25}},"87":{"start":{"line":172,"column":8},"end":{"line":172,"column":42}},"88":{"start":{"line":175,"column":4},"end":{"line":175,"column":36}},"89":{"start":{"line":179,"column":2},"end":{"line":179,"column":21}},"90":{"start":{"line":180,"column":2},"end":{"line":180,"column":40}},"91":{"start":{"line":181,"column":6},"end":{"line":181,"column":42}},"92":{"start":{"line":187,"column":0},"end":{"line":197,"column":2}},"93":{"start":{"line":194,"column":4},"end":{"line":194,"column":39}},"94":{"start":{"line":195,"column":4},"end":{"line":195,"column":36}},"95":{"start":{"line":200,"column":0},"end":{"line":212,"column":2}},"96":{"start":{"line":208,"column":4},"end":{"line":208,"column":30}},"97":{"start":{"line":209,"column":4},"end":{"line":209,"column":35}},"98":{"start":{"line":210,"column":4},"end":{"line":210,"column":65}},"99":{"start":{"line":214,"column":0},"end":{"line":237,"column":3}},"100":{"start":{"line":216,"column":23},"end":{"line":216,"column":38}},"101":{"start":{"line":217,"column":24},"end":{"line":217,"column":65}},"102":{"start":{"line":218,"column":19},"end":{"line":218,"column":55}},"103":{"start":{"line":219,"column":21},"end":{"line":219,"column":60}},"104":{"start":{"line":220,"column":0},"end":{"line":220,"column":23}},"105":{"start":{"line":221,"column":2},"end":{"line":236,"column":3}},"106":{"start":{"line":222,"column":4},"end":{"line":227,"column":7}},"107":{"start":{"line":230,"column":4},"end":{"line":235,"column":6}},"108":{"start":{"line":241,"column":0},"end":{"line":250,"column":3}},"109":{"start":{"line":242,"column":20},"end":{"line":242,"column":62}},"110":{"start":{"line":243,"column":2},"end":{"line":249,"column":3}},"111":{"start":{"line":244,"column":28},"end":{"line":244,"column":69}},"112":{"start":{"line":245,"column":4},"end":{"line":245,"column":42}},"113":{"start":{"line":247,"column":4},"end":{"line":247,"column":23}},"114":{"start":{"line":248,"column":4},"end":{"line":248,"column":44}},"115":{"start":{"line":251,"column":0},"end":{"line":260,"column":3}},"116":{"start":{"line":252,"column":20},"end":{"line":252,"column":62}},"117":{"start":{"line":253,"column":2},"end":{"line":259,"column":3}},"118":{"start":{"line":254,"column":28},"end":{"line":254,"column":67}},"119":{"start":{"line":255,"column":4},"end":{"line":255,"column":42}},"120":{"start":{"line":257,"column":4},"end":{"line":257,"column":23}},"121":{"start":{"line":258,"column":4},"end":{"line":258,"column":44}},"122":{"start":{"line":262,"column":0},"end":{"line":285,"column":3}},"123":{"start":{"line":263,"column":20},"end":{"line":263,"column":62}},"124":{"start":{"line":265,"column":21},"end":{"line":265,"column":89}},"125":{"start":{"line":266,"column":2},"end":{"line":284,"column":3}},"126":{"start":{"line":268,"column":4},"end":{"line":270,"column":5}},"127":{"start":{"line":268,"column":17},"end":{"line":268,"column":18}},"128":{"start":{"line":269,"column":6},"end":{"line":269,"column":54}},"129":{"start":{"line":271,"column":4},"end":{"line":273,"column":5}},"130":{"start":{"line":271,"column":17},"end":{"line":271,"column":18}},"131":{"start":{"line":272,"column":6},"end":{"line":272,"column":73}},"132":{"start":{"line":274,"column":19},"end":{"line":274,"column":57}},"133":{"start":{"line":275,"column":4},"end":{"line":277,"column":5}},"134":{"start":{"line":275,"column":17},"end":{"line":275,"column":18}},"135":{"start":{"line":276,"column":6},"end":{"line":276,"column":45}},"136":{"start":{"line":278,"column":4},"end":{"line":278,"column":53}},"137":{"start":{"line":279,"column":4},"end":{"line":279,"column":31}},"138":{"start":{"line":282,"column":4},"end":{"line":282,"column":23}},"139":{"start":{"line":283,"column":4},"end":{"line":283,"column":44}},"140":{"start":{"line":286,"column":0},"end":{"line":303,"column":3}},"141":{"start":{"line":287,"column":16},"end":{"line":287,"column":34}},"142":{"start":{"line":288,"column":23},"end":{"line":288,"column":38}},"143":{"start":{"line":289,"column":2},"end":{"line":292,"column":3}},"144":{"start":{"line":290,"column":4},"end":{"line":290,"column":79}},"145":{"start":{"line":291,"column":4},"end":{"line":291,"column":37}},"146":{"start":{"line":293,"column":2},"end":{"line":302,"column":3}},"147":{"start":{"line":294,"column":20},"end":{"line":297,"column":6}},"148":{"start":{"line":298,"column":4},"end":{"line":298,"column":36}},"149":{"start":{"line":300,"column":4},"end":{"line":300,"column":23}},"150":{"start":{"line":301,"column":4},"end":{"line":301,"column":44}},"151":{"start":{"line":306,"column":0},"end":{"line":329,"column":3}},"152":{"start":{"line":307,"column":20},"end":{"line":307,"column":62}},"153":{"start":{"line":308,"column":20},"end":{"line":308,"column":60}},"154":{"start":{"line":309,"column":26},"end":{"line":309,"column":28}},"155":{"start":{"line":310,"column":2},"end":{"line":313,"column":7}},"156":{"start":{"line":310,"column":15},"end":{"line":310,"column":16}},"157":{"start":{"line":311,"column":25},"end":{"line":311,"column":61}},"158":{"start":{"line":312,"column":6},"end":{"line":312,"column":39}},"159":{"start":{"line":315,"column":2},"end":{"line":328,"column":3}},"160":{"start":{"line":316,"column":4},"end":{"line":323,"column":4}},"161":{"start":{"line":326,"column":4},"end":{"line":326,"column":23}},"162":{"start":{"line":327,"column":4},"end":{"line":327,"column":44}},"163":{"start":{"line":331,"column":0},"end":{"line":362,"column":3}},"164":{"start":{"line":332,"column":2},"end":{"line":332,"column":32}},"165":{"start":{"line":333,"column":20},"end":{"line":333,"column":62}},"166":{"start":{"line":334,"column":20},"end":{"line":334,"column":60}},"167":{"start":{"line":335,"column":18},"end":{"line":335,"column":84}},"168":{"start":{"line":336,"column":25},"end":{"line":338,"column":3}},"169":{"start":{"line":339,"column":22},"end":{"line":339,"column":65}},"170":{"start":{"line":341,"column":16},"end":{"line":341,"column":17}},"171":{"start":{"line":342,"column":2},"end":{"line":348,"column":3}},"172":{"start":{"line":342,"column":15},"end":{"line":342,"column":16}},"173":{"start":{"line":343,"column":23},"end":{"line":343,"column":59}},"174":{"start":{"line":344,"column":4},"end":{"line":347,"column":5}},"175":{"start":{"line":346,"column":6},"end":{"line":346,"column":19}},"176":{"start":{"line":350,"column":2},"end":{"line":361,"column":3}},"177":{"start":{"line":365,"column":0},"end":{"line":413,"column":3}},"178":{"start":{"line":366,"column":20},"end":{"line":366,"column":62}},"179":{"start":{"line":367,"column":18},"end":{"line":367,"column":84}},"180":{"start":{"line":368,"column":20},"end":{"line":368,"column":60}},"181":{"start":{"line":369,"column":25},"end":{"line":371,"column":3}},"182":{"start":{"line":372,"column":26},"end":{"line":372,"column":28}},"183":{"start":{"line":373,"column":21},"end":{"line":373,"column":23}},"184":{"start":{"line":374,"column":2},"end":{"line":381,"column":3}},"185":{"start":{"line":374,"column":15},"end":{"line":374,"column":16}},"186":{"start":{"line":375,"column":23},"end":{"line":375,"column":59}},"187":{"start":{"line":376,"column":4},"end":{"line":376,"column":37}},"188":{"start":{"line":377,"column":4},"end":{"line":380,"column":5}},"189":{"start":{"line":377,"column":15},"end":{"line":377,"column":16}},"190":{"start":{"line":378,"column":20},"end":{"line":378,"column":60}},"191":{"start":{"line":379,"column":6},"end":{"line":379,"column":28}},"192":{"start":{"line":382,"column":22},"end":{"line":382,"column":62}},"193":{"start":{"line":383,"column":22},"end":{"line":383,"column":65}},"194":{"start":{"line":384,"column":20},"end":{"line":384,"column":58}},"195":{"start":{"line":385,"column":13},"end":{"line":385,"column":14}},"196":{"start":{"line":386,"column":2},"end":{"line":391,"column":1}},"197":{"start":{"line":386,"column":13},"end":{"line":386,"column":14}},"198":{"start":{"line":387,"column":16},"end":{"line":387,"column":56}},"199":{"start":{"line":388,"column":2},"end":{"line":390,"column":3}},"200":{"start":{"line":389,"column":4},"end":{"line":389,"column":19}},"201":{"start":{"line":392,"column":2},"end":{"line":412,"column":3}},"202":{"start":{"line":393,"column":28},"end":{"line":393,"column":67}},"203":{"start":{"line":394,"column":4},"end":{"line":407,"column":4}},"204":{"start":{"line":410,"column":4},"end":{"line":410,"column":23}},"205":{"start":{"line":411,"column":4},"end":{"line":411,"column":44}},"206":{"start":{"line":416,"column":0},"end":{"line":473,"column":3}},"207":{"start":{"line":417,"column":2},"end":{"line":417,"column":32}},"208":{"start":{"line":419,"column":20},"end":{"line":419,"column":62}},"209":{"start":{"line":420,"column":20},"end":{"line":420,"column":60}},"210":{"start":{"line":421,"column":18},"end":{"line":421,"column":84}},"211":{"start":{"line":422,"column":25},"end":{"line":424,"column":3}},"212":{"start":{"line":425,"column":30},"end":{"line":425,"column":32}},"213":{"start":{"line":426,"column":25},"end":{"line":426,"column":27}},"214":{"start":{"line":427,"column":6},"end":{"line":434,"column":11}},"215":{"start":{"line":427,"column":19},"end":{"line":427,"column":20}},"216":{"start":{"line":428,"column":29},"end":{"line":428,"column":65}},"217":{"start":{"line":429,"column":10},"end":{"line":429,"column":43}},"218":{"start":{"line":430,"column":10},"end":{"line":433,"column":11}},"219":{"start":{"line":430,"column":21},"end":{"line":430,"column":22}},"220":{"start":{"line":431,"column":26},"end":{"line":431,"column":66}},"221":{"start":{"line":432,"column":12},"end":{"line":432,"column":34}},"222":{"start":{"line":435,"column":27},"end":{"line":435,"column":67}},"223":{"start":{"line":436,"column":26},"end":{"line":436,"column":69}},"224":{"start":{"line":437,"column":6},"end":{"line":437,"column":39}},"225":{"start":{"line":439,"column":24},"end":{"line":439,"column":62}},"226":{"start":{"line":440,"column":19},"end":{"line":440,"column":20}},"227":{"start":{"line":441,"column":6},"end":{"line":446,"column":7}},"228":{"start":{"line":441,"column":17},"end":{"line":441,"column":18}},"229":{"start":{"line":442,"column":22},"end":{"line":442,"column":62}},"230":{"start":{"line":443,"column":8},"end":{"line":445,"column":9}},"231":{"start":{"line":444,"column":10},"end":{"line":444,"column":25}},"232":{"start":{"line":447,"column":2},"end":{"line":472,"column":3}},"233":{"start":{"line":449,"column":2},"end":{"line":462,"column":3}},"234":{"start":{"line":465,"column":2},"end":{"line":471,"column":3}},"235":{"start":{"line":475,"column":0},"end":{"line":504,"column":3}},"236":{"start":{"line":476,"column":2},"end":{"line":476,"column":45}},"237":{"start":{"line":477,"column":2},"end":{"line":477,"column":39}},"238":{"start":{"line":478,"column":20},"end":{"line":478,"column":62}},"239":{"start":{"line":479,"column":16},"end":{"line":479,"column":51}},"240":{"start":{"line":480,"column":2},"end":{"line":480,"column":34}},"241":{"start":{"line":481,"column":2},"end":{"line":503,"column":3}},"242":{"start":{"line":482,"column":22},"end":{"line":482,"column":62}},"243":{"start":{"line":483,"column":27},"end":{"line":485,"column":5}},"244":{"start":{"line":487,"column":26},"end":{"line":487,"column":28}},"245":{"start":{"line":488,"column":2},"end":{"line":491,"column":7}},"246":{"start":{"line":488,"column":15},"end":{"line":488,"column":16}},"247":{"start":{"line":489,"column":25},"end":{"line":489,"column":61}},"248":{"start":{"line":490,"column":6},"end":{"line":490,"column":39}},"249":{"start":{"line":492,"column":2},"end":{"line":502,"column":3}},"250":{"start":{"line":506,"column":0},"end":{"line":522,"column":2}},"251":{"start":{"line":507,"column":22},"end":{"line":507,"column":64}},"252":{"start":{"line":508,"column":4},"end":{"line":508,"column":42}},"253":{"start":{"line":509,"column":4},"end":{"line":520,"column":5}},"254":{"start":{"line":510,"column":24},"end":{"line":510,"column":64}},"255":{"start":{"line":511,"column":30},"end":{"line":511,"column":32}},"256":{"start":{"line":512,"column":6},"end":{"line":515,"column":11}},"257":{"start":{"line":512,"column":19},"end":{"line":512,"column":20}},"258":{"start":{"line":513,"column":29},"end":{"line":513,"column":69}},"259":{"start":{"line":514,"column":10},"end":{"line":514,"column":76}},"260":{"start":{"line":516,"column":6},"end":{"line":516,"column":72}},"261":{"start":{"line":518,"column":6},"end":{"line":518,"column":25}},"262":{"start":{"line":519,"column":6},"end":{"line":519,"column":34}},"263":{"start":{"line":524,"column":0},"end":{"line":532,"column":2}},"264":{"start":{"line":530,"column":4},"end":{"line":530,"column":70}},"265":{"start":{"line":535,"column":0},"end":{"line":581,"column":3}},"266":{"start":{"line":536,"column":2},"end":{"line":536,"column":37}},"267":{"start":{"line":537,"column":20},"end":{"line":537,"column":62}},"268":{"start":{"line":538,"column":20},"end":{"line":538,"column":60}},"269":{"start":{"line":539,"column":25},"end":{"line":541,"column":3}},"270":{"start":{"line":542,"column":26},"end":{"line":542,"column":28}},"271":{"start":{"line":543,"column":21},"end":{"line":543,"column":23}},"272":{"start":{"line":544,"column":2},"end":{"line":551,"column":7}},"273":{"start":{"line":544,"column":15},"end":{"line":544,"column":16}},"274":{"start":{"line":545,"column":25},"end":{"line":545,"column":61}},"275":{"start":{"line":546,"column":6},"end":{"line":546,"column":39}},"276":{"start":{"line":547,"column":6},"end":{"line":550,"column":7}},"277":{"start":{"line":547,"column":17},"end":{"line":547,"column":18}},"278":{"start":{"line":548,"column":22},"end":{"line":548,"column":62}},"279":{"start":{"line":549,"column":8},"end":{"line":549,"column":30}},"280":{"start":{"line":552,"column":23},"end":{"line":552,"column":63}},"281":{"start":{"line":553,"column":22},"end":{"line":553,"column":65}},"282":{"start":{"line":555,"column":2},"end":{"line":555,"column":35}},"283":{"start":{"line":557,"column":20},"end":{"line":557,"column":58}},"284":{"start":{"line":558,"column":15},"end":{"line":558,"column":16}},"285":{"start":{"line":559,"column":2},"end":{"line":565,"column":3}},"286":{"start":{"line":559,"column":13},"end":{"line":559,"column":14}},"287":{"start":{"line":560,"column":18},"end":{"line":560,"column":58}},"288":{"start":{"line":561,"column":4},"end":{"line":563,"column":5}},"289":{"start":{"line":562,"column":6},"end":{"line":562,"column":21}},"290":{"start":{"line":566,"column":0},"end":{"line":566,"column":27}},"291":{"start":{"line":567,"column":2},"end":{"line":580,"column":3}},"292":{"start":{"line":583,"column":0},"end":{"line":621,"column":3}},"293":{"start":{"line":585,"column":14},"end":{"line":585,"column":34}},"294":{"start":{"line":586,"column":20},"end":{"line":586,"column":62}},"295":{"start":{"line":587,"column":2},"end":{"line":587,"column":20}},"296":{"start":{"line":588,"column":2},"end":{"line":588,"column":43}},"297":{"start":{"line":590,"column":2},"end":{"line":593,"column":3}},"298":{"start":{"line":591,"column":4},"end":{"line":591,"column":65}},"299":{"start":{"line":592,"column":4},"end":{"line":592,"column":65}},"300":{"start":{"line":594,"column":2},"end":{"line":597,"column":3}},"301":{"start":{"line":595,"column":4},"end":{"line":595,"column":72}},"302":{"start":{"line":596,"column":4},"end":{"line":596,"column":65}},"303":{"start":{"line":598,"column":20},"end":{"line":598,"column":71}},"304":{"start":{"line":599,"column":0},"end":{"line":619,"column":1}},"305":{"start":{"line":600,"column":18},"end":{"line":605,"column":4}},"306":{"start":{"line":607,"column":2},"end":{"line":613,"column":1}},"307":{"start":{"line":608,"column":4},"end":{"line":608,"column":32}},"308":{"start":{"line":609,"column":4},"end":{"line":609,"column":72}},"309":{"start":{"line":612,"column":4},"end":{"line":612,"column":34}},"310":{"start":{"line":617,"column":0},"end":{"line":617,"column":19}},"311":{"start":{"line":618,"column":0},"end":{"line":618,"column":38}},"312":{"start":{"line":624,"column":0},"end":{"line":634,"column":3}},"313":{"start":{"line":625,"column":20},"end":{"line":625,"column":62}},"314":{"start":{"line":626,"column":18},"end":{"line":626,"column":84}},"315":{"start":{"line":627,"column":2},"end":{"line":633,"column":3}},"316":{"start":{"line":636,"column":0},"end":{"line":654,"column":3}},"317":{"start":{"line":637,"column":21},"end":{"line":637,"column":63}},"318":{"start":{"line":638,"column":18},"end":{"line":638,"column":77}},"319":{"start":{"line":639,"column":2},"end":{"line":639,"column":45}},"320":{"start":{"line":640,"column":2},"end":{"line":640,"column":41}},"321":{"start":{"line":641,"column":2},"end":{"line":653,"column":3}},"322":{"start":{"line":642,"column":4},"end":{"line":647,"column":8}},"323":{"start":{"line":649,"column":4},"end":{"line":649,"column":99}},"324":{"start":{"line":651,"column":4},"end":{"line":651,"column":23}},"325":{"start":{"line":652,"column":4},"end":{"line":652,"column":44}},"326":{"start":{"line":656,"column":0},"end":{"line":671,"column":3}},"327":{"start":{"line":657,"column":2},"end":{"line":657,"column":77}},"328":{"start":{"line":658,"column":17},"end":{"line":658,"column":62}},"329":{"start":{"line":659,"column":2},"end":{"line":669,"column":3}},"330":{"start":{"line":660,"column":6},"end":{"line":665,"column":7}},"331":{"start":{"line":661,"column":10},"end":{"line":661,"column":38}},"332":{"start":{"line":663,"column":10},"end":{"line":663,"column":53}},"333":{"start":{"line":664,"column":10},"end":{"line":664,"column":37}},"334":{"start":{"line":667,"column":6},"end":{"line":667,"column":25}},"335":{"start":{"line":668,"column":6},"end":{"line":668,"column":46}},"336":{"start":{"line":674,"column":0},"end":{"line":676,"column":3}},"337":{"start":{"line":675,"column":4},"end":{"line":675,"column":51}},"338":{"start":{"line":680,"column":0},"end":{"line":690,"column":3}},"339":{"start":{"line":681,"column":20},"end":{"line":681,"column":62}},"340":{"start":{"line":682,"column":21},"end":{"line":682,"column":89}},"341":{"start":{"line":683,"column":2},"end":{"line":689,"column":3}},"342":{"start":{"line":695,"column":0},"end":{"line":708,"column":3}},"343":{"start":{"line":697,"column":2},"end":{"line":707,"column":3}},"344":{"start":{"line":698,"column":15},"end":{"line":701,"column":24}},"345":{"start":{"line":702,"column":6},"end":{"line":702,"column":41}},"346":{"start":{"line":703,"column":4},"end":{"line":703,"column":85}},"347":{"start":{"line":705,"column":4},"end":{"line":705,"column":23}},"348":{"start":{"line":706,"column":4},"end":{"line":706,"column":44}},"349":{"start":{"line":710,"column":0},"end":{"line":725,"column":3}},"350":{"start":{"line":711,"column":12},"end":{"line":711,"column":30}},"351":{"start":{"line":712,"column":2},"end":{"line":715,"column":3}},"352":{"start":{"line":713,"column":4},"end":{"line":713,"column":69}},"353":{"start":{"line":714,"column":4},"end":{"line":714,"column":99}},"354":{"start":{"line":716,"column":2},"end":{"line":724,"column":3}},"355":{"start":{"line":717,"column":4},"end":{"line":719,"column":29}},"356":{"start":{"line":720,"column":4},"end":{"line":720,"column":99}},"357":{"start":{"line":722,"column":4},"end":{"line":722,"column":23}},"358":{"start":{"line":723,"column":4},"end":{"line":723,"column":44}},"359":{"start":{"line":727,"column":0},"end":{"line":744,"column":3}},"360":{"start":{"line":728,"column":2},"end":{"line":728,"column":74}},"361":{"start":{"line":729,"column":18},"end":{"line":729,"column":58}},"362":{"start":{"line":730,"column":2},"end":{"line":730,"column":38}},"363":{"start":{"line":731,"column":2},"end":{"line":731,"column":45}},"364":{"start":{"line":732,"column":2},"end":{"line":742,"column":3}},"365":{"start":{"line":733,"column":6},"end":{"line":738,"column":7}},"366":{"start":{"line":734,"column":10},"end":{"line":734,"column":38}},"367":{"start":{"line":736,"column":8},"end":{"line":736,"column":69}},"368":{"start":{"line":737,"column":10},"end":{"line":737,"column":37}},"369":{"start":{"line":740,"column":6},"end":{"line":740,"column":25}},"370":{"start":{"line":741,"column":6},"end":{"line":741,"column":46}},"371":{"start":{"line":747,"column":0},"end":{"line":768,"column":3}},"372":{"start":{"line":749,"column":21},"end":{"line":749,"column":63}},"373":{"start":{"line":750,"column":18},"end":{"line":750,"column":85}},"374":{"start":{"line":752,"column":2},"end":{"line":752,"column":37}},"375":{"start":{"line":753,"column":2},"end":{"line":753,"column":31}},"376":{"start":{"line":754,"column":2},"end":{"line":754,"column":41}},"377":{"start":{"line":755,"column":2},"end":{"line":767,"column":3}},"378":{"start":{"line":756,"column":4},"end":{"line":761,"column":8}},"379":{"start":{"line":763,"column":4},"end":{"line":763,"column":99}},"380":{"start":{"line":765,"column":4},"end":{"line":765,"column":23}},"381":{"start":{"line":766,"column":4},"end":{"line":766,"column":44}},"382":{"start":{"line":770,"column":0},"end":{"line":787,"column":3}},"383":{"start":{"line":771,"column":20},"end":{"line":771,"column":62}},"384":{"start":{"line":772,"column":21},"end":{"line":772,"column":67}},"385":{"start":{"line":773,"column":18},"end":{"line":773,"column":88}},"386":{"start":{"line":774,"column":2},"end":{"line":774,"column":37}},"387":{"start":{"line":775,"column":2},"end":{"line":775,"column":50}},"388":{"start":{"line":776,"column":2},"end":{"line":776,"column":61}},"389":{"start":{"line":778,"column":2},"end":{"line":786,"column":3}},"390":{"start":{"line":791,"column":0},"end":{"line":814,"column":3}},"391":{"start":{"line":792,"column":20},"end":{"line":792,"column":62}},"392":{"start":{"line":793,"column":21},"end":{"line":793,"column":67}},"393":{"start":{"line":794,"column":18},"end":{"line":794,"column":88}},"394":{"start":{"line":795,"column":2},"end":{"line":795,"column":37}},"395":{"start":{"line":796,"column":2},"end":{"line":796,"column":52}},"396":{"start":{"line":797,"column":2},"end":{"line":797,"column":63}},"397":{"start":{"line":798,"column":2},"end":{"line":811,"column":3}},"398":{"start":{"line":799,"column":4},"end":{"line":805,"column":8}},"399":{"start":{"line":807,"column":4},"end":{"line":807,"column":99}},"400":{"start":{"line":809,"column":4},"end":{"line":809,"column":23}},"401":{"start":{"line":810,"column":4},"end":{"line":810,"column":44}},"402":{"start":{"line":816,"column":0},"end":{"line":832,"column":3}},"403":{"start":{"line":817,"column":2},"end":{"line":817,"column":84}},"404":{"start":{"line":818,"column":20},"end":{"line":818,"column":70}},"405":{"start":{"line":819,"column":2},"end":{"line":830,"column":3}},"406":{"start":{"line":820,"column":6},"end":{"line":826,"column":7}},"407":{"start":{"line":821,"column":10},"end":{"line":821,"column":38}},"408":{"start":{"line":823,"column":8},"end":{"line":823,"column":59}},"409":{"start":{"line":824,"column":8},"end":{"line":824,"column":84}},"410":{"start":{"line":825,"column":10},"end":{"line":825,"column":37}},"411":{"start":{"line":828,"column":6},"end":{"line":828,"column":25}},"412":{"start":{"line":829,"column":6},"end":{"line":829,"column":46}},"413":{"start":{"line":835,"column":0},"end":{"line":837,"column":3}},"414":{"start":{"line":836,"column":4},"end":{"line":836,"column":54}},"415":{"start":{"line":839,"column":0},"end":{"line":855,"column":2}},"416":{"start":{"line":840,"column":16},"end":{"line":840,"column":28}},"417":{"start":{"line":841,"column":2},"end":{"line":854,"column":4}},"418":{"start":{"line":842,"column":4},"end":{"line":852,"column":3}},"419":{"start":{"line":844,"column":6},"end":{"line":844,"column":23}},"420":{"start":{"line":847,"column":6},"end":{"line":851,"column":7}},"421":{"start":{"line":848,"column":10},"end":{"line":848,"column":40}},"422":{"start":{"line":850,"column":10},"end":{"line":850,"column":50}},"423":{"start":{"line":857,"column":0},"end":{"line":859,"column":3}},"424":{"start":{"line":858,"column":4},"end":{"line":858,"column":58}},"425":{"start":{"line":861,"column":0},"end":{"line":863,"column":3}},"426":{"start":{"line":862,"column":4},"end":{"line":862,"column":57}},"427":{"start":{"line":865,"column":0},"end":{"line":865,"column":21}}},"fnMap":{"0":{"name":"(anonymous_0)","decl":{"start":{"line":31,"column":8},"end":{"line":31,"column":9}},"loc":{"start":{"line":31,"column":42},"end":{"line":34,"column":1}},"line":31},"1":{"name":"(anonymous_1)","decl":{"start":{"line":42,"column":2},"end":{"line":42,"column":3}},"loc":{"start":{"line":42,"column":28},"end":{"line":62,"column":1}},"line":42},"2":{"name":"(anonymous_2)","decl":{"start":{"line":44,"column":8},"end":{"line":44,"column":9}},"loc":{"start":{"line":44,"column":30},"end":{"line":58,"column":3}},"line":44},"3":{"name":"(anonymous_3)","decl":{"start":{"line":59,"column":9},"end":{"line":59,"column":10}},"loc":{"start":{"line":59,"column":20},"end":{"line":61,"column":3}},"line":59},"4":{"name":"(anonymous_4)","decl":{"start":{"line":71,"column":2},"end":{"line":71,"column":3}},"loc":{"start":{"line":71,"column":36},"end":{"line":95,"column":1}},"line":71},"5":{"name":"(anonymous_5)","decl":{"start":{"line":73,"column":8},"end":{"line":73,"column":9}},"loc":{"start":{"line":73,"column":30},"end":{"line":91,"column":3}},"line":73},"6":{"name":"(anonymous_6)","decl":{"start":{"line":92,"column":9},"end":{"line":92,"column":10}},"loc":{"start":{"line":92,"column":20},"end":{"line":94,"column":3}},"line":92},"7":{"name":"(anonymous_7)","decl":{"start":{"line":98,"column":23},"end":{"line":98,"column":24}},"loc":{"start":{"line":98,"column":36},"end":{"line":101,"column":1}},"line":98},"8":{"name":"(anonymous_8)","decl":{"start":{"line":103,"column":25},"end":{"line":103,"column":26}},"loc":{"start":{"line":103,"column":40},"end":{"line":123,"column":1}},"line":103},"9":{"name":"(anonymous_9)","decl":{"start":{"line":107,"column":12},"end":{"line":107,"column":13}},"loc":{"start":{"line":107,"column":20},"end":{"line":109,"column":7}},"line":107},"10":{"name":"(anonymous_10)","decl":{"start":{"line":110,"column":13},"end":{"line":110,"column":14}},"loc":{"start":{"line":110,"column":24},"end":{"line":112,"column":7}},"line":110},"11":{"name":"(anonymous_11)","decl":{"start":{"line":116,"column":8},"end":{"line":116,"column":9}},"loc":{"start":{"line":116,"column":14},"end":{"line":118,"column":3}},"line":116},"12":{"name":"(anonymous_12)","decl":{"start":{"line":119,"column":9},"end":{"line":119,"column":10}},"loc":{"start":{"line":119,"column":16},"end":{"line":121,"column":3}},"line":119},"13":{"name":"(anonymous_13)","decl":{"start":{"line":126,"column":13},"end":{"line":126,"column":14}},"loc":{"start":{"line":126,"column":45},"end":{"line":131,"column":1}},"line":126},"14":{"name":"(anonymous_14)","decl":{"start":{"line":134,"column":19},"end":{"line":134,"column":20}},"loc":{"start":{"line":134,"column":45},"end":{"line":184,"column":1}},"line":134},"15":{"name":"(anonymous_15)","decl":{"start":{"line":169,"column":25},"end":{"line":169,"column":26}},"loc":{"start":{"line":169,"column":32},"end":{"line":176,"column":5}},"line":169},"16":{"name":"(anonymous_16)","decl":{"start":{"line":193,"column":2},"end":{"line":193,"column":3}},"loc":{"start":{"line":193,"column":31},"end":{"line":196,"column":3}},"line":193},"17":{"name":"(anonymous_17)","decl":{"start":{"line":207,"column":2},"end":{"line":207,"column":3}},"loc":{"start":{"line":207,"column":31},"end":{"line":211,"column":3}},"line":207},"18":{"name":"(anonymous_18)","decl":{"start":{"line":214,"column":57},"end":{"line":214,"column":58}},"loc":{"start":{"line":214,"column":83},"end":{"line":237,"column":1}},"line":214},"19":{"name":"(anonymous_19)","decl":{"start":{"line":241,"column":61},"end":{"line":241,"column":62}},"loc":{"start":{"line":241,"column":90},"end":{"line":250,"column":1}},"line":241},"20":{"name":"(anonymous_20)","decl":{"start":{"line":251,"column":62},"end":{"line":251,"column":63}},"loc":{"start":{"line":251,"column":91},"end":{"line":260,"column":1}},"line":251},"21":{"name":"(anonymous_21)","decl":{"start":{"line":262,"column":64},"end":{"line":262,"column":65}},"loc":{"start":{"line":262,"column":93},"end":{"line":285,"column":1}},"line":262},"22":{"name":"(anonymous_22)","decl":{"start":{"line":286,"column":27},"end":{"line":286,"column":28}},"loc":{"start":{"line":286,"column":55},"end":{"line":303,"column":1}},"line":286},"23":{"name":"(anonymous_23)","decl":{"start":{"line":306,"column":71},"end":{"line":306,"column":72}},"loc":{"start":{"line":306,"column":100},"end":{"line":329,"column":1}},"line":306},"24":{"name":"(anonymous_24)","decl":{"start":{"line":331,"column":63},"end":{"line":331,"column":64}},"loc":{"start":{"line":331,"column":95},"end":{"line":362,"column":1}},"line":331},"25":{"name":"(anonymous_25)","decl":{"start":{"line":365,"column":70},"end":{"line":365,"column":71}},"loc":{"start":{"line":365,"column":99},"end":{"line":413,"column":1}},"line":365},"26":{"name":"(anonymous_26)","decl":{"start":{"line":416,"column":34},"end":{"line":416,"column":35}},"loc":{"start":{"line":416,"column":66},"end":{"line":473,"column":1}},"line":416},"27":{"name":"(anonymous_27)","decl":{"start":{"line":475,"column":32},"end":{"line":475,"column":33}},"loc":{"start":{"line":475,"column":64},"end":{"line":504,"column":1}},"line":475},"28":{"name":"(anonymous_28)","decl":{"start":{"line":506,"column":35},"end":{"line":506,"column":36}},"loc":{"start":{"line":506,"column":64},"end":{"line":521,"column":3}},"line":506},"29":{"name":"(anonymous_29)","decl":{"start":{"line":529,"column":2},"end":{"line":529,"column":3}},"loc":{"start":{"line":529,"column":31},"end":{"line":531,"column":3}},"line":529},"30":{"name":"(anonymous_30)","decl":{"start":{"line":535,"column":59},"end":{"line":535,"column":60}},"loc":{"start":{"line":535,"column":91},"end":{"line":581,"column":1}},"line":535},"31":{"name":"(anonymous_31)","decl":{"start":{"line":583,"column":27},"end":{"line":583,"column":28}},"loc":{"start":{"line":583,"column":53},"end":{"line":621,"column":1}},"line":583},"32":{"name":"(anonymous_32)","decl":{"start":{"line":624,"column":70},"end":{"line":624,"column":71}},"loc":{"start":{"line":624,"column":102},"end":{"line":634,"column":1}},"line":624},"33":{"name":"(anonymous_33)","decl":{"start":{"line":636,"column":68},"end":{"line":636,"column":69}},"loc":{"start":{"line":636,"column":100},"end":{"line":654,"column":1}},"line":636},"34":{"name":"(anonymous_34)","decl":{"start":{"line":656,"column":76},"end":{"line":656,"column":77}},"loc":{"start":{"line":656,"column":111},"end":{"line":671,"column":1}},"line":656},"35":{"name":"(anonymous_35)","decl":{"start":{"line":674,"column":51},"end":{"line":674,"column":52}},"loc":{"start":{"line":674,"column":68},"end":{"line":676,"column":1}},"line":674},"36":{"name":"(anonymous_36)","decl":{"start":{"line":680,"column":72},"end":{"line":680,"column":73}},"loc":{"start":{"line":680,"column":104},"end":{"line":690,"column":1}},"line":680},"37":{"name":"(anonymous_37)","decl":{"start":{"line":695,"column":64},"end":{"line":695,"column":65}},"loc":{"start":{"line":695,"column":92},"end":{"line":708,"column":1}},"line":695},"38":{"name":"(anonymous_38)","decl":{"start":{"line":710,"column":79},"end":{"line":710,"column":80}},"loc":{"start":{"line":710,"column":107},"end":{"line":725,"column":1}},"line":710},"39":{"name":"(anonymous_39)","decl":{"start":{"line":727,"column":83},"end":{"line":727,"column":84}},"loc":{"start":{"line":727,"column":118},"end":{"line":744,"column":1}},"line":727},"40":{"name":"(anonymous_40)","decl":{"start":{"line":747,"column":76},"end":{"line":747,"column":77}},"loc":{"start":{"line":747,"column":108},"end":{"line":768,"column":1}},"line":747},"41":{"name":"(anonymous_41)","decl":{"start":{"line":770,"column":80},"end":{"line":770,"column":81}},"loc":{"start":{"line":770,"column":112},"end":{"line":787,"column":1}},"line":770},"42":{"name":"(anonymous_42)","decl":{"start":{"line":791,"column":80},"end":{"line":791,"column":81}},"loc":{"start":{"line":791,"column":112},"end":{"line":814,"column":1}},"line":791},"43":{"name":"(anonymous_43)","decl":{"start":{"line":816,"column":88},"end":{"line":816,"column":89}},"loc":{"start":{"line":816,"column":123},"end":{"line":832,"column":1}},"line":816},"44":{"name":"(anonymous_44)","decl":{"start":{"line":835,"column":18},"end":{"line":835,"column":19}},"loc":{"start":{"line":835,"column":35},"end":{"line":837,"column":1}},"line":835},"45":{"name":"(anonymous_45)","decl":{"start":{"line":839,"column":19},"end":{"line":839,"column":20}},"loc":{"start":{"line":839,"column":44},"end":{"line":855,"column":1}},"line":839},"46":{"name":"(anonymous_46)","decl":{"start":{"line":841,"column":17},"end":{"line":841,"column":18}},"loc":{"start":{"line":841,"column":24},"end":{"line":854,"column":3}},"line":841},"47":{"name":"(anonymous_47)","decl":{"start":{"line":857,"column":23},"end":{"line":857,"column":24}},"loc":{"start":{"line":857,"column":40},"end":{"line":859,"column":1}},"line":857},"48":{"name":"(anonymous_48)","decl":{"start":{"line":861,"column":22},"end":{"line":861,"column":23}},"loc":{"start":{"line":861,"column":39},"end":{"line":863,"column":1}},"line":861}},"branchMap":{"0":{"loc":{"start":{"line":45,"column":4},"end":{"line":50,"column":3}},"type":"if","locations":[{"start":{"line":45,"column":4},"end":{"line":50,"column":3}},{"start":{},"end":{}}],"line":45},"1":{"loc":{"start":{"line":52,"column":4},"end":{"line":57,"column":5}},"type":"if","locations":[{"start":{"line":52,"column":4},"end":{"line":57,"column":5}},{"start":{"line":55,"column":11},"end":{"line":57,"column":5}}],"line":52},"2":{"loc":{"start":{"line":74,"column":4},"end":{"line":79,"column":3}},"type":"if","locations":[{"start":{"line":74,"column":4},"end":{"line":79,"column":3}},{"start":{},"end":{}}],"line":74},"3":{"loc":{"start":{"line":85,"column":4},"end":{"line":90,"column":5}},"type":"if","locations":[{"start":{"line":85,"column":4},"end":{"line":90,"column":5}},{"start":{"line":88,"column":11},"end":{"line":90,"column":5}}],"line":85},"4":{"loc":{"start":{"line":105,"column":0},"end":{"line":122,"column":1}},"type":"if","locations":[{"start":{"line":105,"column":0},"end":{"line":122,"column":1}},{"start":{"line":114,"column":4},"end":{"line":122,"column":1}}],"line":105},"5":{"loc":{"start":{"line":141,"column":4},"end":{"line":144,"column":5}},"type":"if","locations":[{"start":{"line":141,"column":4},"end":{"line":144,"column":5}},{"start":{},"end":{}}],"line":141},"6":{"loc":{"start":{"line":145,"column":4},"end":{"line":148,"column":5}},"type":"if","locations":[{"start":{"line":145,"column":4},"end":{"line":148,"column":5}},{"start":{},"end":{}}],"line":145},"7":{"loc":{"start":{"line":149,"column":4},"end":{"line":152,"column":5}},"type":"if","locations":[{"start":{"line":149,"column":4},"end":{"line":152,"column":5}},{"start":{},"end":{}}],"line":149},"8":{"loc":{"start":{"line":153,"column":4},"end":{"line":156,"column":5}},"type":"if","locations":[{"start":{"line":153,"column":4},"end":{"line":156,"column":5}},{"start":{},"end":{}}],"line":153},"9":{"loc":{"start":{"line":170,"column":6},"end":{"line":174,"column":7}},"type":"if","locations":[{"start":{"line":170,"column":6},"end":{"line":174,"column":7}},{"start":{},"end":{}}],"line":170},"10":{"loc":{"start":{"line":221,"column":2},"end":{"line":236,"column":3}},"type":"if","locations":[{"start":{"line":221,"column":2},"end":{"line":236,"column":3}},{"start":{"line":229,"column":6},"end":{"line":236,"column":3}}],"line":221},"11":{"loc":{"start":{"line":289,"column":2},"end":{"line":292,"column":3}},"type":"if","locations":[{"start":{"line":289,"column":2},"end":{"line":292,"column":3}},{"start":{},"end":{}}],"line":289},"12":{"loc":{"start":{"line":344,"column":4},"end":{"line":347,"column":5}},"type":"if","locations":[{"start":{"line":344,"column":4},"end":{"line":347,"column":5}},{"start":{},"end":{}}],"line":344},"13":{"loc":{"start":{"line":388,"column":2},"end":{"line":390,"column":3}},"type":"if","locations":[{"start":{"line":388,"column":2},"end":{"line":390,"column":3}},{"start":{},"end":{}}],"line":388},"14":{"loc":{"start":{"line":443,"column":8},"end":{"line":445,"column":9}},"type":"if","locations":[{"start":{"line":443,"column":8},"end":{"line":445,"column":9}},{"start":{},"end":{}}],"line":443},"15":{"loc":{"start":{"line":447,"column":2},"end":{"line":472,"column":3}},"type":"if","locations":[{"start":{"line":447,"column":2},"end":{"line":472,"column":3}},{"start":{"line":464,"column":6},"end":{"line":472,"column":3}}],"line":447},"16":{"loc":{"start":{"line":481,"column":2},"end":{"line":503,"column":3}},"type":"if","locations":[{"start":{"line":481,"column":2},"end":{"line":503,"column":3}},{"start":{},"end":{}}],"line":481},"17":{"loc":{"start":{"line":561,"column":4},"end":{"line":563,"column":5}},"type":"if","locations":[{"start":{"line":561,"column":4},"end":{"line":563,"column":5}},{"start":{},"end":{}}],"line":561},"18":{"loc":{"start":{"line":590,"column":2},"end":{"line":593,"column":3}},"type":"if","locations":[{"start":{"line":590,"column":2},"end":{"line":593,"column":3}},{"start":{},"end":{}}],"line":590},"19":{"loc":{"start":{"line":594,"column":2},"end":{"line":597,"column":3}},"type":"if","locations":[{"start":{"line":594,"column":2},"end":{"line":597,"column":3}},{"start":{},"end":{}}],"line":594},"20":{"loc":{"start":{"line":607,"column":2},"end":{"line":613,"column":1}},"type":"if","locations":[{"start":{"line":607,"column":2},"end":{"line":613,"column":1}},{"start":{"line":611,"column":5},"end":{"line":613,"column":1}}],"line":607},"21":{"loc":{"start":{"line":660,"column":6},"end":{"line":665,"column":7}},"type":"if","locations":[{"start":{"line":660,"column":6},"end":{"line":665,"column":7}},{"start":{"line":662,"column":11},"end":{"line":665,"column":7}}],"line":660},"22":{"loc":{"start":{"line":712,"column":2},"end":{"line":715,"column":3}},"type":"if","locations":[{"start":{"line":712,"column":2},"end":{"line":715,"column":3}},{"start":{},"end":{}}],"line":712},"23":{"loc":{"start":{"line":733,"column":6},"end":{"line":738,"column":7}},"type":"if","locations":[{"start":{"line":733,"column":6},"end":{"line":738,"column":7}},{"start":{"line":735,"column":11},"end":{"line":738,"column":7}}],"line":733},"24":{"loc":{"start":{"line":820,"column":6},"end":{"line":826,"column":7}},"type":"if","locations":[{"start":{"line":820,"column":6},"end":{"line":826,"column":7}},{"start":{"line":822,"column":11},"end":{"line":826,"column":7}}],"line":820},"25":{"loc":{"start":{"line":842,"column":4},"end":{"line":852,"column":3}},"type":"if","locations":[{"start":{"line":842,"column":4},"end":{"line":852,"column":3}},{"start":{"line":846,"column":9},"end":{"line":852,"column":3}}],"line":842},"26":{"loc":{"start":{"line":847,"column":6},"end":{"line":851,"column":7}},"type":"if","locations":[{"start":{"line":847,"column":6},"end":{"line":851,"column":7}},{"start":{"line":849,"column":13},"end":{"line":851,"column":7}}],"line":847}},"s":{"0":1,"1":1,"2":1,"3":1,"4":1,"5":1,"6":1,"7":1,"8":1,"9":1,"10":1,"11":1,"12":1,"13":1,"14":1,"15":1,"16":1,"17":1,"18":1,"19":1,"20":1,"21":1,"22":1,"23":1,"24":63,"25":63,"26":1,"27":1,"28":1,"29":8,"30":8,"31":0,"32":8,"33":8,"34":8,"35":8,"36":0,"37":0,"38":1,"39":1,"40":1,"41":0,"42":1,"43":1,"44":1,"45":1,"46":1,"47":0,"48":0,"49":1,"50":10,"51":10,"52":1,"53":52,"54":2,"55":2,"56":0,"57":50,"58":50,"59":0,"60":1,"61":0,"62":0,"63":1,"64":2,"65":2,"66":2,"67":2,"68":2,"69":2,"70":1,"71":1,"72":1,"73":0,"74":0,"75":1,"76":0,"77":0,"78":1,"79":0,"80":0,"81":1,"82":1,"83":1,"84":1,"85":1,"86":0,"87":0,"88":1,"89":0,"90":0,"91":0,"92":1,"93":8,"94":8,"95":1,"96":0,"97":0,"98":0,"99":1,"100":9,"101":9,"102":9,"103":9,"104":9,"105":9,"106":9,"107":0,"108":1,"109":1,"110":1,"111":1,"112":1,"113":0,"114":0,"115":1,"116":1,"117":1,"118":1,"119":1,"120":0,"121":0,"122":1,"123":0,"124":0,"125":0,"126":0,"127":0,"128":0,"129":0,"130":0,"131":0,"132":0,"133":0,"134":0,"135":0,"136":0,"137":0,"138":0,"139":0,"140":1,"141":1,"142":1,"143":1,"144":0,"145":0,"146":1,"147":1,"148":1,"149":0,"150":0,"151":1,"152":0,"153":0,"154":0,"155":0,"156":0,"157":0,"158":0,"159":0,"160":0,"161":0,"162":0,"163":1,"164":8,"165":8,"166":8,"167":8,"168":8,"169":8,"170":8,"171":8,"172":8,"173":7,"174":7,"175":0,"176":8,"177":1,"178":0,"179":0,"180":0,"181":0,"182":0,"183":0,"184":0,"185":0,"186":0,"187":0,"188":0,"189":0,"190":0,"191":0,"192":0,"193":0,"194":0,"195":0,"196":0,"197":0,"198":0,"199":0,"200":0,"201":0,"202":0,"203":0,"204":0,"205":0,"206":1,"207":1,"208":1,"209":1,"210":1,"211":1,"212":1,"213":1,"214":1,"215":1,"216":1,"217":1,"218":1,"219":1,"220":2,"221":2,"222":1,"223":1,"224":1,"225":1,"226":1,"227":1,"228":1,"229":1,"230":1,"231":0,"232":1,"233":0,"234":1,"235":1,"236":0,"237":0,"238":0,"239":0,"240":0,"241":0,"242":0,"243":0,"244":0,"245":0,"246":0,"247":0,"248":0,"249":0,"250":1,"251":0,"252":0,"253":0,"254":0,"255":0,"256":0,"257":0,"258":0,"259":0,"260":0,"261":0,"262":0,"263":1,"264":1,"265":1,"266":0,"267":0,"268":0,"269":0,"270":0,"271":0,"272":0,"273":0,"274":0,"275":0,"276":0,"277":0,"278":0,"279":0,"280":0,"281":0,"282":0,"283":0,"284":0,"285":0,"286":0,"287":0,"288":0,"289":0,"290":0,"291":0,"292":1,"293":2,"294":2,"295":2,"296":2,"297":2,"298":0,"299":0,"300":2,"301":0,"302":0,"303":2,"304":2,"305":2,"306":2,"307":2,"308":2,"309":0,"310":0,"311":0,"312":1,"313":0,"314":0,"315":0,"316":1,"317":0,"318":0,"319":0,"320":0,"321":0,"322":0,"323":0,"324":0,"325":0,"326":1,"327":1,"328":1,"329":1,"330":1,"331":0,"332":1,"333":1,"334":0,"335":0,"336":1,"337":1,"338":1,"339":0,"340":0,"341":0,"342":1,"343":1,"344":1,"345":1,"346":1,"347":0,"348":0,"349":1,"350":3,"351":3,"352":0,"353":0,"354":3,"355":3,"356":3,"357":0,"358":0,"359":1,"360":1,"361":1,"362":1,"363":1,"364":1,"365":1,"366":0,"367":1,"368":1,"369":0,"370":0,"371":1,"372":1,"373":1,"374":1,"375":1,"376":1,"377":1,"378":1,"379":1,"380":0,"381":0,"382":1,"383":5,"384":5,"385":5,"386":5,"387":5,"388":5,"389":5,"390":1,"391":1,"392":1,"393":1,"394":1,"395":1,"396":1,"397":1,"398":1,"399":1,"400":0,"401":0,"402":1,"403":0,"404":0,"405":0,"406":0,"407":0,"408":0,"409":0,"410":0,"411":0,"412":0,"413":1,"414":2,"415":1,"416":3,"417":3,"418":3,"419":0,"420":3,"421":1,"422":2,"423":1,"424":8,"425":1,"426":0,"427":1},"f":{"0":63,"1":8,"2":8,"3":0,"4":1,"5":1,"6":0,"7":10,"8":52,"9":2,"10":0,"11":50,"12":0,"13":0,"14":2,"15":1,"16":8,"17":0,"18":9,"19":1,"20":1,"21":0,"22":1,"23":0,"24":8,"25":0,"26":1,"27":0,"28":0,"29":1,"30":0,"31":2,"32":0,"33":0,"34":1,"35":1,"36":0,"37":1,"38":3,"39":1,"40":1,"41":5,"42":1,"43":0,"44":2,"45":3,"46":3,"47":8,"48":0},"b":{"0":[0,8],"1":[8,0],"2":[0,1],"3":[1,0],"4":[2,50],"5":[1,1],"6":[0,1],"7":[0,1],"8":[0,1],"9":[0,1],"10":[9,0],"11":[0,1],"12":[0,7],"13":[0,0],"14":[0,1],"15":[0,1],"16":[0,0],"17":[0,0],"18":[0,2],"19":[0,2],"20":[2,0],"21":[0,1],"22":[0,3],"23":[0,1],"24":[0,0],"25":[0,3],"26":[1,2]},"_coverageSchema":"1a1c01bbd47fc00a2c39e90264f33305004495a9","hash":"6974b6b2cf23cee539e54bbd72849c6fdbe4f241"}
,"D:\\pupil\\wd201\\online voting app\\models\\admin.js": {"path":"D:\\pupil\\wd201\\online voting app\\models\\admin.js","statementMap":{"0":{"start":{"line":4,"column":4},"end":{"line":4,"column":24}},"1":{"start":{"line":5,"column":0},"end":{"line":38,"column":2}},"2":{"start":{"line":14,"column":6},"end":{"line":16,"column":9}},"3":{"start":{"line":22,"column":2},"end":{"line":36,"column":5}},"4":{"start":{"line":37,"column":2},"end":{"line":37,"column":15}}},"fnMap":{"0":{"name":"(anonymous_0)","decl":{"start":{"line":5,"column":17},"end":{"line":5,"column":18}},"loc":{"start":{"line":5,"column":43},"end":{"line":38,"column":1}},"line":5},"1":{"name":"(anonymous_1)","decl":{"start":{"line":12,"column":4},"end":{"line":12,"column":5}},"loc":{"start":{"line":12,"column":29},"end":{"line":17,"column":5}},"line":12}},"branchMap":{},"s":{"0":1,"1":1,"2":1,"3":1,"4":1},"f":{"0":1,"1":1},"b":{},"_coverageSchema":"1a1c01bbd47fc00a2c39e90264f33305004495a9","hash":"8f3c70bd79db0f305b12e54eae3788809f8bc142"}
,"D:\\pupil\\wd201\\online voting app\\models\\election.js": {"path":"D:\\pupil\\wd201\\online voting app\\models\\election.js","statementMap":{"0":{"start":{"line":4,"column":4},"end":{"line":4,"column":24}},"1":{"start":{"line":5,"column":0},"end":{"line":101,"column":2}},"2":{"start":{"line":14,"column":6},"end":{"line":18,"column":9}},"3":{"start":{"line":19,"column":6},"end":{"line":23,"column":9}},"4":{"start":{"line":28,"column":6},"end":{"line":28,"column":88}},"5":{"start":{"line":32,"column":6},"end":{"line":32,"column":28}},"6":{"start":{"line":36,"column":6},"end":{"line":42,"column":9}},"7":{"start":{"line":47,"column":6},"end":{"line":53,"column":9}},"8":{"start":{"line":56,"column":6},"end":{"line":62,"column":9}},"9":{"start":{"line":65,"column":6},"end":{"line":70,"column":9}},"10":{"start":{"line":73,"column":6},"end":{"line":73,"column":48}},"11":{"start":{"line":76,"column":6},"end":{"line":76,"column":46}},"12":{"start":{"line":83,"column":2},"end":{"line":99,"column":5}},"13":{"start":{"line":100,"column":2},"end":{"line":100,"column":18}}},"fnMap":{"0":{"name":"(anonymous_0)","decl":{"start":{"line":5,"column":17},"end":{"line":5,"column":18}},"loc":{"start":{"line":5,"column":43},"end":{"line":101,"column":1}},"line":5},"1":{"name":"(anonymous_1)","decl":{"start":{"line":12,"column":4},"end":{"line":12,"column":5}},"loc":{"start":{"line":12,"column":29},"end":{"line":24,"column":5}},"line":12},"2":{"name":"(anonymous_2)","decl":{"start":{"line":27,"column":4},"end":{"line":27,"column":5}},"loc":{"start":{"line":27,"column":47},"end":{"line":29,"column":5}},"line":27},"3":{"name":"(anonymous_3)","decl":{"start":{"line":31,"column":4},"end":{"line":31,"column":5}},"loc":{"start":{"line":31,"column":36},"end":{"line":33,"column":5}},"line":31},"4":{"name":"(anonymous_4)","decl":{"start":{"line":35,"column":4},"end":{"line":35,"column":5}},"loc":{"start":{"line":35,"column":34},"end":{"line":43,"column":5}},"line":35},"5":{"name":"(anonymous_5)","decl":{"start":{"line":46,"column":4},"end":{"line":46,"column":5}},"loc":{"start":{"line":46,"column":29},"end":{"line":54,"column":5}},"line":46},"6":{"name":"(anonymous_6)","decl":{"start":{"line":55,"column":4},"end":{"line":55,"column":5}},"loc":{"start":{"line":55,"column":32},"end":{"line":63,"column":5}},"line":55},"7":{"name":"(anonymous_7)","decl":{"start":{"line":64,"column":4},"end":{"line":64,"column":5}},"loc":{"start":{"line":64,"column":37},"end":{"line":71,"column":5}},"line":64},"8":{"name":"(anonymous_8)","decl":{"start":{"line":72,"column":4},"end":{"line":72,"column":5}},"loc":{"start":{"line":72,"column":33},"end":{"line":74,"column":5}},"line":72},"9":{"name":"(anonymous_9)","decl":{"start":{"line":75,"column":4},"end":{"line":75,"column":5}},"loc":{"start":{"line":75,"column":35},"end":{"line":77,"column":5}},"line":75}},"branchMap":{},"s":{"0":1,"1":1,"2":1,"3":1,"4":1,"5":8,"6":9,"7":9,"8":9,"9":0,"10":1,"11":1,"12":1,"13":1},"f":{"0":1,"1":1,"2":1,"3":8,"4":9,"5":9,"6":9,"7":0,"8":1,"9":1},"b":{},"_coverageSchema":"1a1c01bbd47fc00a2c39e90264f33305004495a9","hash":"d2ad95493ee124f398da6620651355dcbcab40de"}
,"D:\\pupil\\wd201\\online voting app\\models\\index.js": {"path":"D:\\pupil\\wd201\\online voting app\\models\\index.js","statementMap":{"0":{"start":{"line":3,"column":11},"end":{"line":3,"column":24}},"1":{"start":{"line":4,"column":13},"end":{"line":4,"column":28}},"2":{"start":{"line":5,"column":18},"end":{"line":5,"column":38}},"3":{"start":{"line":6,"column":16},"end":{"line":6,"column":34}},"4":{"start":{"line":7,"column":17},"end":{"line":7,"column":42}},"5":{"start":{"line":8,"column":12},"end":{"line":8,"column":49}},"6":{"start":{"line":9,"column":15},"end":{"line":9,"column":65}},"7":{"start":{"line":10,"column":11},"end":{"line":10,"column":13}},"8":{"start":{"line":13,"column":0},"end":{"line":17,"column":1}},"9":{"start":{"line":14,"column":2},"end":{"line":14,"column":74}},"10":{"start":{"line":16,"column":2},"end":{"line":16,"column":87}},"11":{"start":{"line":19,"column":0},"end":{"line":27,"column":5}},"12":{"start":{"line":22,"column":4},"end":{"line":22,"column":90}},"13":{"start":{"line":25,"column":18},"end":{"line":25,"column":85}},"14":{"start":{"line":26,"column":4},"end":{"line":26,"column":27}},"15":{"start":{"line":29,"column":0},"end":{"line":33,"column":3}},"16":{"start":{"line":30,"column":2},"end":{"line":32,"column":3}},"17":{"start":{"line":31,"column":4},"end":{"line":31,"column":32}},"18":{"start":{"line":35,"column":0},"end":{"line":35,"column":25}},"19":{"start":{"line":36,"column":0},"end":{"line":36,"column":25}},"20":{"start":{"line":38,"column":0},"end":{"line":38,"column":20}}},"fnMap":{"0":{"name":"(anonymous_0)","decl":{"start":{"line":21,"column":10},"end":{"line":21,"column":11}},"loc":{"start":{"line":21,"column":18},"end":{"line":23,"column":3}},"line":21},"1":{"name":"(anonymous_1)","decl":{"start":{"line":24,"column":11},"end":{"line":24,"column":12}},"loc":{"start":{"line":24,"column":19},"end":{"line":27,"column":3}},"line":24},"2":{"name":"(anonymous_2)","decl":{"start":{"line":29,"column":24},"end":{"line":29,"column":25}},"loc":{"start":{"line":29,"column":37},"end":{"line":33,"column":1}},"line":29}},"branchMap":{"0":{"loc":{"start":{"line":8,"column":12},"end":{"line":8,"column":49}},"type":"binary-expr","locations":[{"start":{"line":8,"column":12},"end":{"line":8,"column":32}},{"start":{"line":8,"column":36},"end":{"line":8,"column":49}}],"line":8},"1":{"loc":{"start":{"line":13,"column":0},"end":{"line":17,"column":1}},"type":"if","locations":[{"start":{"line":13,"column":0},"end":{"line":17,"column":1}},{"start":{"line":15,"column":7},"end":{"line":17,"column":1}}],"line":13},"2":{"loc":{"start":{"line":22,"column":11},"end":{"line":22,"column":89}},"type":"binary-expr","locations":[{"start":{"line":22,"column":12},"end":{"line":22,"column":35}},{"start":{"line":22,"column":41},"end":{"line":22,"column":58}},{"start":{"line":22,"column":64},"end":{"line":22,"column":88}}],"line":22},"3":{"loc":{"start":{"line":30,"column":2},"end":{"line":32,"column":3}},"type":"if","locations":[{"start":{"line":30,"column":2},"end":{"line":32,"column":3}},{"start":{},"end":{}}],"line":30}},"s":{"0":1,"1":1,"2":1,"3":1,"4":1,"5":1,"6":1,"7":1,"8":1,"9":0,"10":1,"11":1,"12":7,"13":6,"14":6,"15":1,"16":6,"17":6,"18":1,"19":1,"20":1},"f":{"0":7,"1":6,"2":6},"b":{"0":[1,0],"1":[0,1],"2":[7,7,6],"3":[6,0]},"_coverageSchema":"1a1c01bbd47fc00a2c39e90264f33305004495a9","hash":"98e67a8241aaa463f6a0abe21571a65fd71afde9"}
,"D:\\pupil\\wd201\\online voting app\\models\\option.js": {"path":"D:\\pupil\\wd201\\online voting app\\models\\option.js","statementMap":{"0":{"start":{"line":4,"column":4},"end":{"line":4,"column":24}},"1":{"start":{"line":5,"column":0},"end":{"line":89,"column":2}},"2":{"start":{"line":14,"column":6},"end":{"line":19,"column":11}},"3":{"start":{"line":24,"column":4},"end":{"line":24,"column":46}},"4":{"start":{"line":30,"column":4},"end":{"line":30,"column":32}},"5":{"start":{"line":31,"column":4},"end":{"line":31,"column":36}},"6":{"start":{"line":32,"column":4},"end":{"line":36,"column":9}},"7":{"start":{"line":40,"column":4},"end":{"line":44,"column":7}},"8":{"start":{"line":49,"column":4},"end":{"line":56,"column":5}},"9":{"start":{"line":62,"column":4},"end":{"line":69,"column":5}},"10":{"start":{"line":76,"column":2},"end":{"line":87,"column":5}},"11":{"start":{"line":88,"column":2},"end":{"line":88,"column":16}}},"fnMap":{"0":{"name":"(anonymous_0)","decl":{"start":{"line":5,"column":17},"end":{"line":5,"column":18}},"loc":{"start":{"line":5,"column":43},"end":{"line":89,"column":1}},"line":5},"1":{"name":"(anonymous_1)","decl":{"start":{"line":12,"column":4},"end":{"line":12,"column":5}},"loc":{"start":{"line":12,"column":29},"end":{"line":21,"column":5}},"line":12},"2":{"name":"(anonymous_2)","decl":{"start":{"line":23,"column":2},"end":{"line":23,"column":3}},"loc":{"start":{"line":23,"column":34},"end":{"line":25,"column":3}},"line":23},"3":{"name":"(anonymous_3)","decl":{"start":{"line":29,"column":2},"end":{"line":29,"column":3}},"loc":{"start":{"line":29,"column":50},"end":{"line":37,"column":3}},"line":29},"4":{"name":"(anonymous_4)","decl":{"start":{"line":38,"column":2},"end":{"line":38,"column":3}},"loc":{"start":{"line":39,"column":2},"end":{"line":45,"column":3}},"line":39},"5":{"name":"(anonymous_5)","decl":{"start":{"line":48,"column":2},"end":{"line":48,"column":3}},"loc":{"start":{"line":48,"column":43},"end":{"line":59,"column":3}},"line":48},"6":{"name":"(anonymous_6)","decl":{"start":{"line":61,"column":2},"end":{"line":61,"column":3}},"loc":{"start":{"line":61,"column":44},"end":{"line":70,"column":2}},"line":61}},"branchMap":{},"s":{"0":1,"1":1,"2":1,"3":3,"4":1,"5":1,"6":1,"7":8,"8":1,"9":0,"10":1,"11":1},"f":{"0":1,"1":1,"2":3,"3":1,"4":8,"5":1,"6":0},"b":{},"_coverageSchema":"1a1c01bbd47fc00a2c39e90264f33305004495a9","hash":"87aed17ed8ee3fca314aa115e028b1198c245f69"}
,"D:\\pupil\\wd201\\online voting app\\models\\question.js": {"path":"D:\\pupil\\wd201\\online voting app\\models\\question.js","statementMap":{"0":{"start":{"line":4,"column":4},"end":{"line":4,"column":24}},"1":{"start":{"line":5,"column":0},"end":{"line":91,"column":2}},"2":{"start":{"line":15,"column":6},"end":{"line":19,"column":9}},"3":{"start":{"line":20,"column":6},"end":{"line":24,"column":9}},"4":{"start":{"line":30,"column":2},"end":{"line":30,"column":32}},"5":{"start":{"line":31,"column":2},"end":{"line":31,"column":35}},"6":{"start":{"line":32,"column":2},"end":{"line":32,"column":88}},"7":{"start":{"line":37,"column":2},"end":{"line":37,"column":32}},"8":{"start":{"line":38,"column":2},"end":{"line":38,"column":35}},"9":{"start":{"line":39,"column":2},"end":{"line":43,"column":7}},"10":{"start":{"line":48,"column":6},"end":{"line":52,"column":9}},"11":{"start":{"line":56,"column":6},"end":{"line":60,"column":9}},"12":{"start":{"line":63,"column":6},"end":{"line":69,"column":9}},"13":{"start":{"line":76,"column":2},"end":{"line":89,"column":5}},"14":{"start":{"line":90,"column":2},"end":{"line":90,"column":18}}},"fnMap":{"0":{"name":"(anonymous_0)","decl":{"start":{"line":5,"column":17},"end":{"line":5,"column":18}},"loc":{"start":{"line":5,"column":43},"end":{"line":91,"column":1}},"line":5},"1":{"name":"(anonymous_1)","decl":{"start":{"line":12,"column":4},"end":{"line":12,"column":5}},"loc":{"start":{"line":12,"column":29},"end":{"line":26,"column":5}},"line":12},"2":{"name":"(anonymous_2)","decl":{"start":{"line":29,"column":0},"end":{"line":29,"column":1}},"loc":{"start":{"line":29,"column":57},"end":{"line":33,"column":1}},"line":29},"3":{"name":"(anonymous_3)","decl":{"start":{"line":36,"column":0},"end":{"line":36,"column":1}},"loc":{"start":{"line":36,"column":71},"end":{"line":44,"column":1}},"line":36},"4":{"name":"(anonymous_4)","decl":{"start":{"line":46,"column":0},"end":{"line":46,"column":1}},"loc":{"start":{"line":47,"column":4},"end":{"line":53,"column":5}},"line":47},"5":{"name":"(anonymous_5)","decl":{"start":{"line":55,"column":4},"end":{"line":55,"column":5}},"loc":{"start":{"line":55,"column":44},"end":{"line":61,"column":5}},"line":55},"6":{"name":"(anonymous_6)","decl":{"start":{"line":62,"column":4},"end":{"line":62,"column":5}},"loc":{"start":{"line":62,"column":41},"end":{"line":70,"column":5}},"line":62}},"branchMap":{},"s":{"0":1,"1":1,"2":1,"3":1,"4":1,"5":1,"6":1,"7":1,"8":1,"9":1,"10":9,"11":9,"12":0,"13":1,"14":1},"f":{"0":1,"1":1,"2":1,"3":1,"4":9,"5":9,"6":0},"b":{},"_coverageSchema":"1a1c01bbd47fc00a2c39e90264f33305004495a9","hash":"28db47ad837d5a929bd081914acbd212bf031270"}
,"D:\\pupil\\wd201\\online voting app\\models\\voters.js": {"path":"D:\\pupil\\wd201\\online voting app\\models\\voters.js","statementMap":{"0":{"start":{"line":4,"column":4},"end":{"line":4,"column":24}},"1":{"start":{"line":5,"column":0},"end":{"line":84,"column":2}},"2":{"start":{"line":14,"column":6},"end":{"line":18,"column":9}},"3":{"start":{"line":23,"column":6},"end":{"line":23,"column":46}},"4":{"start":{"line":24,"column":6},"end":{"line":24,"column":52}},"5":{"start":{"line":25,"column":6},"end":{"line":25,"column":56}},"6":{"start":{"line":26,"column":6},"end":{"line":26,"column":112}},"7":{"start":{"line":29,"column":6},"end":{"line":33,"column":9}},"8":{"start":{"line":37,"column":6},"end":{"line":41,"column":9}},"9":{"start":{"line":46,"column":6},"end":{"line":50,"column":9}},"10":{"start":{"line":56,"column":4},"end":{"line":56,"column":32}},"11":{"start":{"line":57,"column":4},"end":{"line":57,"column":32}},"12":{"start":{"line":58,"column":4},"end":{"line":58,"column":34}},"13":{"start":{"line":59,"column":4},"end":{"line":63,"column":9}},"14":{"start":{"line":70,"column":2},"end":{"line":82,"column":5}},"15":{"start":{"line":83,"column":2},"end":{"line":83,"column":16}}},"fnMap":{"0":{"name":"(anonymous_0)","decl":{"start":{"line":5,"column":17},"end":{"line":5,"column":18}},"loc":{"start":{"line":5,"column":43},"end":{"line":84,"column":1}},"line":5},"1":{"name":"(anonymous_1)","decl":{"start":{"line":12,"column":4},"end":{"line":12,"column":5}},"loc":{"start":{"line":12,"column":29},"end":{"line":19,"column":5}},"line":12},"2":{"name":"(anonymous_2)","decl":{"start":{"line":21,"column":4},"end":{"line":21,"column":5}},"loc":{"start":{"line":21,"column":53},"end":{"line":27,"column":5}},"line":21},"3":{"name":"(anonymous_3)","decl":{"start":{"line":28,"column":4},"end":{"line":28,"column":5}},"loc":{"start":{"line":28,"column":35},"end":{"line":34,"column":5}},"line":28},"4":{"name":"(anonymous_4)","decl":{"start":{"line":36,"column":4},"end":{"line":36,"column":5}},"loc":{"start":{"line":36,"column":38},"end":{"line":42,"column":5}},"line":36},"5":{"name":"(anonymous_5)","decl":{"start":{"line":44,"column":4},"end":{"line":44,"column":5}},"loc":{"start":{"line":45,"column":4},"end":{"line":51,"column":5}},"line":45},"6":{"name":"(anonymous_6)","decl":{"start":{"line":55,"column":2},"end":{"line":55,"column":3}},"loc":{"start":{"line":55,"column":41},"end":{"line":64,"column":3}},"line":55}},"branchMap":{},"s":{"0":1,"1":1,"2":1,"3":2,"4":2,"5":2,"6":2,"7":9,"8":1,"9":1,"10":0,"11":0,"12":0,"13":0,"14":1,"15":1},"f":{"0":1,"1":1,"2":2,"3":9,"4":1,"5":1,"6":0},"b":{},"_coverageSchema":"1a1c01bbd47fc00a2c39e90264f33305004495a9","hash":"0af6ccf39edac838aed7ee116a430610c2ac308a"}
,"D:\\pupil\\wd201\\online voting app\\models\\votes.js": {"path":"D:\\pupil\\wd201\\online voting app\\models\\votes.js","statementMap":{"0":{"start":{"line":4,"column":4},"end":{"line":4,"column":24}},"1":{"start":{"line":5,"column":0},"end":{"line":77,"column":2}},"2":{"start":{"line":14,"column":6},"end":{"line":16,"column":9}},"3":{"start":{"line":17,"column":6},"end":{"line":19,"column":9}},"4":{"start":{"line":20,"column":6},"end":{"line":22,"column":9}},"5":{"start":{"line":30,"column":6},"end":{"line":30,"column":89}},"6":{"start":{"line":35,"column":6},"end":{"line":39,"column":9}},"7":{"start":{"line":44,"column":6},"end":{"line":48,"column":9}},"8":{"start":{"line":51,"column":6},"end":{"line":55,"column":9}},"9":{"start":{"line":58,"column":6},"end":{"line":64,"column":9}},"10":{"start":{"line":68,"column":2},"end":{"line":75,"column":5}},"11":{"start":{"line":76,"column":2},"end":{"line":76,"column":15}}},"fnMap":{"0":{"name":"(anonymous_0)","decl":{"start":{"line":5,"column":17},"end":{"line":5,"column":18}},"loc":{"start":{"line":5,"column":43},"end":{"line":77,"column":1}},"line":5},"1":{"name":"(anonymous_1)","decl":{"start":{"line":12,"column":4},"end":{"line":12,"column":5}},"loc":{"start":{"line":12,"column":29},"end":{"line":24,"column":5}},"line":12},"2":{"name":"(anonymous_2)","decl":{"start":{"line":29,"column":4},"end":{"line":29,"column":5}},"loc":{"start":{"line":29,"column":54},"end":{"line":31,"column":5}},"line":29},"3":{"name":"(anonymous_3)","decl":{"start":{"line":33,"column":4},"end":{"line":33,"column":5}},"loc":{"start":{"line":34,"column":4},"end":{"line":40,"column":5}},"line":34},"4":{"name":"(anonymous_4)","decl":{"start":{"line":42,"column":4},"end":{"line":42,"column":5}},"loc":{"start":{"line":43,"column":4},"end":{"line":49,"column":5}},"line":43},"5":{"name":"(anonymous_5)","decl":{"start":{"line":50,"column":4},"end":{"line":50,"column":5}},"loc":{"start":{"line":50,"column":26},"end":{"line":56,"column":5}},"line":50},"6":{"name":"(anonymous_6)","decl":{"start":{"line":57,"column":4},"end":{"line":57,"column":5}},"loc":{"start":{"line":57,"column":27},"end":{"line":65,"column":5}},"line":57}},"branchMap":{},"s":{"0":1,"1":1,"2":1,"3":1,"4":1,"5":0,"6":0,"7":0,"8":2,"9":1,"10":1,"11":1},"f":{"0":1,"1":1,"2":0,"3":0,"4":0,"5":2,"6":1},"b":{},"_coverageSchema":"1a1c01bbd47fc00a2c39e90264f33305004495a9","hash":"a897d347a53fa209a512fe1f936044b038c66eb1"}
}
