TN:
SF:app.js
FN:31,(anonymous_0)
FN:42,(anonymous_1)
FN:44,(anonymous_2)
FN:59,(anonymous_3)
FN:71,(anonymous_4)
FN:73,(anonymous_5)
FN:92,(anonymous_6)
FN:98,(anonymous_7)
FN:103,(anonymous_8)
FN:107,(anonymous_9)
FN:110,(anonymous_10)
FN:116,(anonymous_11)
FN:119,(anonymous_12)
FN:126,(anonymous_13)
FN:134,(anonymous_14)
FN:169,(anonymous_15)
FN:193,(anonymous_16)
FN:207,(anonymous_17)
FN:214,(anonymous_18)
FN:241,(anonymous_19)
FN:251,(anonymous_20)
FN:262,(anonymous_21)
FN:286,(anonymous_22)
FN:306,(anonymous_23)
FN:331,(anonymous_24)
FN:365,(anonymous_25)
FN:416,(anonymous_26)
FN:475,(anonymous_27)
FN:506,(anonymous_28)
FN:529,(anonymous_29)
FN:535,(anonymous_30)
FN:583,(anonymous_31)
FN:624,(anonymous_32)
FN:636,(anonymous_33)
FN:656,(anonymous_34)
FN:674,(anonymous_35)
FN:680,(anonymous_36)
FN:695,(anonymous_37)
FN:710,(anonymous_38)
FN:727,(anonymous_39)
FN:747,(anonymous_40)
FN:770,(anonymous_41)
FN:791,(anonymous_42)
FN:816,(anonymous_43)
FN:835,(anonymous_44)
FN:839,(anonymous_45)
FN:841,(anonymous_46)
FN:857,(anonymous_47)
FN:861,(anonymous_48)
FNF:49
FNH:32
FNDA:63,(anonymous_0)
FNDA:8,(anonymous_1)
FNDA:8,(anonymous_2)
FNDA:0,(anonymous_3)
FNDA:1,(anonymous_4)
FNDA:1,(anonymous_5)
FNDA:0,(anonymous_6)
FNDA:10,(anonymous_7)
FNDA:52,(anonymous_8)
FNDA:2,(anonymous_9)
FNDA:0,(anonymous_10)
FNDA:50,(anonymous_11)
FNDA:0,(anonymous_12)
FNDA:0,(anonymous_13)
FNDA:2,(anonymous_14)
FNDA:1,(anonymous_15)
FNDA:8,(anonymous_16)
FNDA:0,(anonymous_17)
FNDA:9,(anonymous_18)
FNDA:1,(anonymous_19)
FNDA:1,(anonymous_20)
FNDA:0,(anonymous_21)
FNDA:1,(anonymous_22)
FNDA:0,(anonymous_23)
FNDA:8,(anonymous_24)
FNDA:0,(anonymous_25)
FNDA:1,(anonymous_26)
FNDA:0,(anonymous_27)
FNDA:0,(anonymous_28)
FNDA:1,(anonymous_29)
FNDA:0,(anonymous_30)
FNDA:2,(anonymous_31)
FNDA:0,(anonymous_32)
FNDA:0,(anonymous_33)
FNDA:1,(anonymous_34)
FNDA:1,(anonymous_35)
FNDA:0,(anonymous_36)
FNDA:1,(anonymous_37)
FNDA:3,(anonymous_38)
FNDA:1,(anonymous_39)
FNDA:1,(anonymous_40)
FNDA:5,(anonymous_41)
FNDA:1,(anonymous_42)
FNDA:0,(anonymous_43)
FNDA:2,(anonymous_44)
FNDA:3,(anonymous_45)
FNDA:3,(anonymous_46)
FNDA:8,(anonymous_47)
FNDA:0,(anonymous_48)
DA:1,1
DA:2,1
DA:3,1
DA:4,1
DA:5,1
DA:6,1
DA:7,1
DA:8,1
DA:9,1
DA:10,1
DA:11,1
DA:12,1
DA:13,1
DA:14,1
DA:15,1
DA:16,1
DA:17,1
DA:18,1
DA:19,1
DA:20,1
DA:21,1
DA:22,1
DA:23,1
DA:31,1
DA:32,63
DA:33,63
DA:36,1
DA:37,1
DA:39,1
DA:43,8
DA:45,8
DA:46,0
DA:51,8
DA:52,8
DA:53,8
DA:54,8
DA:56,0
DA:60,0
DA:67,1
DA:72,1
DA:74,1
DA:75,0
DA:80,1
DA:84,1
DA:85,1
DA:86,1
DA:87,1
DA:89,0
DA:93,0
DA:98,1
DA:99,10
DA:100,10
DA:103,1
DA:105,52
DA:106,2
DA:108,2
DA:111,0
DA:115,50
DA:117,50
DA:120,0
DA:126,1
DA:127,0
DA:128,0
DA:134,1
DA:136,2
DA:137,2
DA:138,2
DA:139,2
DA:140,2
DA:141,2
DA:142,1
DA:143,1
DA:145,1
DA:146,0
DA:147,0
DA:149,1
DA:150,0
DA:151,0
DA:153,1
DA:154,0
DA:155,0
DA:160,1
DA:161,1
DA:162,1
DA:169,1
DA:170,1
DA:171,0
DA:172,0
DA:175,1
DA:179,0
DA:180,0
DA:181,0
DA:187,1
DA:194,8
DA:195,8
DA:200,1
DA:208,0
DA:209,0
DA:210,0
DA:214,1
DA:216,9
DA:217,9
DA:218,9
DA:219,9
DA:220,9
DA:221,9
DA:222,9
DA:230,0
DA:241,1
DA:242,1
DA:243,1
DA:244,1
DA:245,1
DA:247,0
DA:248,0
DA:251,1
DA:252,1
DA:253,1
DA:254,1
DA:255,1
DA:257,0
DA:258,0
DA:262,1
DA:263,0
DA:265,0
DA:266,0
DA:268,0
DA:269,0
DA:271,0
DA:272,0
DA:274,0
DA:275,0
DA:276,0
DA:278,0
DA:279,0
DA:282,0
DA:283,0
DA:286,1
DA:287,1
DA:288,1
DA:289,1
DA:290,0
DA:291,0
DA:293,1
DA:294,1
DA:298,1
DA:300,0
DA:301,0
DA:306,1
DA:307,0
DA:308,0
DA:309,0
DA:310,0
DA:311,0
DA:312,0
DA:315,0
DA:316,0
DA:326,0
DA:327,0
DA:331,1
DA:332,8
DA:333,8
DA:334,8
DA:335,8
DA:336,8
DA:339,8
DA:341,8
DA:342,8
DA:343,7
DA:344,7
DA:346,0
DA:350,8
DA:365,1
DA:366,0
DA:367,0
DA:368,0
DA:369,0
DA:372,0
DA:373,0
DA:374,0
DA:375,0
DA:376,0
DA:377,0
DA:378,0
DA:379,0
DA:382,0
DA:383,0
DA:384,0
DA:385,0
DA:386,0
DA:387,0
DA:388,0
DA:389,0
DA:392,0
DA:393,0
DA:394,0
DA:410,0
DA:411,0
DA:416,1
DA:417,1
DA:419,1
DA:420,1
DA:421,1
DA:422,1
DA:425,1
DA:426,1
DA:427,1
DA:428,1
DA:429,1
DA:430,1
DA:431,2
DA:432,2
DA:435,1
DA:436,1
DA:437,1
DA:439,1
DA:440,1
DA:441,1
DA:442,1
DA:443,1
DA:444,0
DA:447,1
DA:449,0
DA:465,1
DA:475,1
DA:476,0
DA:477,0
DA:478,0
DA:479,0
DA:480,0
DA:481,0
DA:482,0
DA:483,0
DA:487,0
DA:488,0
DA:489,0
DA:490,0
DA:492,0
DA:506,1
DA:507,0
DA:508,0
DA:509,0
DA:510,0
DA:511,0
DA:512,0
DA:513,0
DA:514,0
DA:516,0
DA:518,0
DA:519,0
DA:524,1
DA:530,1
DA:535,1
DA:536,0
DA:537,0
DA:538,0
DA:539,0
DA:542,0
DA:543,0
DA:544,0
DA:545,0
DA:546,0
DA:547,0
DA:548,0
DA:549,0
DA:552,0
DA:553,0
DA:555,0
DA:557,0
DA:558,0
DA:559,0
DA:560,0
DA:561,0
DA:562,0
DA:566,0
DA:567,0
DA:583,1
DA:585,2
DA:586,2
DA:587,2
DA:588,2
DA:590,2
DA:591,0
DA:592,0
DA:594,2
DA:595,0
DA:596,0
DA:598,2
DA:599,2
DA:600,2
DA:607,2
DA:608,2
DA:609,2
DA:612,0
DA:617,0
DA:618,0
DA:624,1
DA:625,0
DA:626,0
DA:627,0
DA:636,1
DA:637,0
DA:638,0
DA:639,0
DA:640,0
DA:641,0
DA:642,0
DA:649,0
DA:651,0
DA:652,0
DA:656,1
DA:657,1
DA:658,1
DA:659,1
DA:660,1
DA:661,0
DA:663,1
DA:664,1
DA:667,0
DA:668,0
DA:674,1
DA:675,1
DA:680,1
DA:681,0
DA:682,0
DA:683,0
DA:695,1
DA:697,1
DA:698,1
DA:702,1
DA:703,1
DA:705,0
DA:706,0
DA:710,1
DA:711,3
DA:712,3
DA:713,0
DA:714,0
DA:716,3
DA:717,3
DA:720,3
DA:722,0
DA:723,0
DA:727,1
DA:728,1
DA:729,1
DA:730,1
DA:731,1
DA:732,1
DA:733,1
DA:734,0
DA:736,1
DA:737,1
DA:740,0
DA:741,0
DA:747,1
DA:749,1
DA:750,1
DA:752,1
DA:753,1
DA:754,1
DA:755,1
DA:756,1
DA:763,1
DA:765,0
DA:766,0
DA:770,1
DA:771,5
DA:772,5
DA:773,5
DA:774,5
DA:775,5
DA:776,5
DA:778,5
DA:791,1
DA:792,1
DA:793,1
DA:794,1
DA:795,1
DA:796,1
DA:797,1
DA:798,1
DA:799,1
DA:807,1
DA:809,0
DA:810,0
DA:816,1
DA:817,0
DA:818,0
DA:819,0
DA:820,0
DA:821,0
DA:823,0
DA:824,0
DA:825,0
DA:828,0
DA:829,0
DA:835,1
DA:836,2
DA:839,1
DA:840,3
DA:841,3
DA:842,3
DA:844,0
DA:847,3
DA:848,1
DA:850,2
DA:857,1
DA:858,8
DA:861,1
DA:862,0
DA:865,1
LF:412
LH:230
BRDA:45,0,0,0
BRDA:45,0,1,8
BRDA:52,1,0,8
BRDA:52,1,1,0
BRDA:74,2,0,0
BRDA:74,2,1,1
BRDA:85,3,0,1
BRDA:85,3,1,0
BRDA:105,4,0,2
BRDA:105,4,1,50
BRDA:141,5,0,1
BRDA:141,5,1,1
BRDA:145,6,0,0
BRDA:145,6,1,1
BRDA:149,7,0,0
BRDA:149,7,1,1
BRDA:153,8,0,0
BRDA:153,8,1,1
BRDA:170,9,0,0
BRDA:170,9,1,1
BRDA:221,10,0,9
BRDA:221,10,1,0
BRDA:289,11,0,0
BRDA:289,11,1,1
BRDA:344,12,0,0
BRDA:344,12,1,7
BRDA:388,13,0,0
BRDA:388,13,1,0
BRDA:443,14,0,0
BRDA:443,14,1,1
BRDA:447,15,0,0
BRDA:447,15,1,1
BRDA:481,16,0,0
BRDA:481,16,1,0
BRDA:561,17,0,0
BRDA:561,17,1,0
BRDA:590,18,0,0
BRDA:590,18,1,2
BRDA:594,19,0,0
BRDA:594,19,1,2
BRDA:607,20,0,2
BRDA:607,20,1,0
BRDA:660,21,0,0
BRDA:660,21,1,1
BRDA:712,22,0,0
BRDA:712,22,1,3
BRDA:733,23,0,0
BRDA:733,23,1,1
BRDA:820,24,0,0
BRDA:820,24,1,0
BRDA:842,25,0,0
BRDA:842,25,1,3
BRDA:847,26,0,1
BRDA:847,26,1,2
BRF:54
BRH:26
end_of_record
TN:
SF:models\admin.js
FN:5,(anonymous_0)
FN:12,(anonymous_1)
FNF:2
FNH:2
FNDA:1,(anonymous_0)
FNDA:1,(anonymous_1)
DA:4,1
DA:5,1
DA:14,1
DA:22,1
DA:37,1
LF:5
LH:5
BRF:0
BRH:0
end_of_record
TN:
SF:models\election.js
FN:5,(anonymous_0)
FN:12,(anonymous_1)
FN:27,(anonymous_2)
FN:31,(anonymous_3)
FN:35,(anonymous_4)
FN:46,(anonymous_5)
FN:55,(anonymous_6)
FN:64,(anonymous_7)
FN:72,(anonymous_8)
FN:75,(anonymous_9)
FNF:10
FNH:9
FNDA:1,(anonymous_0)
FNDA:1,(anonymous_1)
FNDA:1,(anonymous_2)
FNDA:8,(anonymous_3)
FNDA:9,(anonymous_4)
FNDA:9,(anonymous_5)
FNDA:9,(anonymous_6)
FNDA:0,(anonymous_7)
FNDA:1,(anonymous_8)
FNDA:1,(anonymous_9)
DA:4,1
DA:5,1
DA:14,1
DA:19,1
DA:28,1
DA:32,8
DA:36,9
DA:47,9
DA:56,9
DA:65,0
DA:73,1
DA:76,1
DA:83,1
DA:100,1
LF:14
LH:13
BRF:0
BRH:0
end_of_record
TN:
SF:models\index.js
FN:21,(anonymous_0)
FN:24,(anonymous_1)
FN:29,(anonymous_2)
FNF:3
FNH:3
FNDA:7,(anonymous_0)
FNDA:6,(anonymous_1)
FNDA:6,(anonymous_2)
DA:3,1
DA:4,1
DA:5,1
DA:6,1
DA:7,1
DA:8,1
DA:9,1
DA:10,1
DA:13,1
DA:14,0
DA:16,1
DA:19,1
DA:22,7
DA:25,6
DA:26,6
DA:29,1
DA:30,6
DA:31,6
DA:35,1
DA:36,1
DA:38,1
LF:21
LH:20
BRDA:8,0,0,1
BRDA:8,0,1,0
BRDA:13,1,0,0
BRDA:13,1,1,1
BRDA:22,2,0,7
BRDA:22,2,1,7
BRDA:22,2,2,6
BRDA:30,3,0,6
BRDA:30,3,1,0
BRF:9
BRH:6
end_of_record
TN:
SF:models\option.js
FN:5,(anonymous_0)
FN:12,(anonymous_1)
FN:23,(anonymous_2)
FN:29,(anonymous_3)
FN:38,(anonymous_4)
FN:48,(anonymous_5)
FN:61,(anonymous_6)
FNF:7
FNH:6
FNDA:1,(anonymous_0)
FNDA:1,(anonymous_1)
FNDA:3,(anonymous_2)
FNDA:1,(anonymous_3)
FNDA:8,(anonymous_4)
FNDA:1,(anonymous_5)
FNDA:0,(anonymous_6)
DA:4,1
DA:5,1
DA:14,1
DA:24,3
DA:30,1
DA:31,1
DA:32,1
DA:40,8
DA:49,1
DA:62,0
DA:76,1
DA:88,1
LF:12
LH:11
BRF:0
BRH:0
end_of_record
TN:
SF:models\question.js
FN:5,(anonymous_0)
FN:12,(anonymous_1)
FN:29,(anonymous_2)
FN:36,(anonymous_3)
FN:46,(anonymous_4)
FN:55,(anonymous_5)
FN:62,(anonymous_6)
FNF:7
FNH:6
FNDA:1,(anonymous_0)
FNDA:1,(anonymous_1)
FNDA:1,(anonymous_2)
FNDA:1,(anonymous_3)
FNDA:9,(anonymous_4)
FNDA:9,(anonymous_5)
FNDA:0,(anonymous_6)
DA:4,1
DA:5,1
DA:15,1
DA:20,1
DA:30,1
DA:31,1
DA:32,1
DA:37,1
DA:38,1
DA:39,1
DA:48,9
DA:56,9
DA:63,0
DA:76,1
DA:90,1
LF:15
LH:14
BRF:0
BRH:0
end_of_record
TN:
SF:models\voters.js
FN:5,(anonymous_0)
FN:12,(anonymous_1)
FN:21,(anonymous_2)
FN:28,(anonymous_3)
FN:36,(anonymous_4)
FN:44,(anonymous_5)
FN:55,(anonymous_6)
FNF:7
FNH:6
FNDA:1,(anonymous_0)
FNDA:1,(anonymous_1)
FNDA:2,(anonymous_2)
FNDA:9,(anonymous_3)
FNDA:1,(anonymous_4)
FNDA:1,(anonymous_5)
FNDA:0,(anonymous_6)
DA:4,1
DA:5,1
DA:14,1
DA:23,2
DA:24,2
DA:25,2
DA:26,2
DA:29,9
DA:37,1
DA:46,1
DA:56,0
DA:57,0
DA:58,0
DA:59,0
DA:70,1
DA:83,1
LF:16
LH:12
BRF:0
BRH:0
end_of_record
TN:
SF:models\votes.js
FN:5,(anonymous_0)
FN:12,(anonymous_1)
FN:29,(anonymous_2)
FN:33,(anonymous_3)
FN:42,(anonymous_4)
FN:50,(anonymous_5)
FN:57,(anonymous_6)
FNF:7
FNH:4
FNDA:1,(anonymous_0)
FNDA:1,(anonymous_1)
FNDA:0,(anonymous_2)
FNDA:0,(anonymous_3)
FNDA:0,(anonymous_4)
FNDA:2,(anonymous_5)
FNDA:1,(anonymous_6)
DA:4,1
DA:5,1
DA:14,1
DA:17,1
DA:20,1
DA:30,0
DA:35,0
DA:44,0
DA:51,2
DA:58,1
DA:68,1
DA:76,1
LF:12
LH:9
BRF:0
BRH:0
end_of_record
